# JRE version: Java(TM) SE Runtime Environment (8.0_202-b08) (build 1.8.0_202-b08)
# Java VM: Java HotSpot(TM) 64-Bit Server VM (25.202-b08 mixed mode windows-amd64 compressed oops)
Heap:
 PSYoungGen      total 38400K, used 21975K [0x00000000d5e00000, 0x00000000d9580000, 0x0000000100000000)
  eden space 33280K, 50% used [0x00000000d5e00000,0x00000000d6e77248,0x00000000d7e80000)
  from space 5120K, 99% used [0x00000000d8380000,0x00000000d887ec70,0x00000000d8880000)
  to   space 5120K, 0% used [0x00000000d7e80000,0x00000000d7e80000,0x00000000d8380000)
 ParOldGen       total 63488K, used 8137K [0x0000000081a00000, 0x0000000085800000, 0x00000000d5e00000)
  object space 63488K, 12% used [0x0000000081a00000,0x00000000821f27b8,0x0000000085800000)
 Metaspace       used 29281K, capacity 29628K, committed 30080K, reserved 1075200K
  class space    used 4093K, capacity 4204K, committed 4224K, reserved 1048576K
GC Heap History (10 events):
Event: 0.188 GC heap before
{Heap before GC invocations=1 (full 0):
 PSYoungGen      total 38400K, used 33277K [0x00000000d5e00000, 0x00000000d8880000, 0x0000000100000000)
  eden space 33280K, 99% used [0x00000000d5e00000,0x00000000d7e7f7d8,0x00000000d7e80000)
  from space 5120K, 0% used [0x00000000d8380000,0x00000000d8380000,0x00000000d8880000)
  to   space 5120K, 0% used [0x00000000d7e80000,0x00000000d7e80000,0x00000000d8380000)
 ParOldGen       total 87552K, used 0K [0x0000000081a00000, 0x0000000086f80000, 0x00000000d5e00000)
  object space 87552K, 0% used [0x0000000081a00000,0x0000000081a00000,0x0000000086f80000)
 Metaspace       used 2669K, capacity 4486K, committed 4864K, reserved 1056768K
  class space    used 296K, capacity 386K, committed 512K, reserved 1048576K
Event: 0.190 GC heap after
Heap after GC invocations=1 (full 0):
 PSYoungGen      total 38400K, used 544K [0x00000000d5e00000, 0x00000000d8880000, 0x0000000100000000)
  eden space 33280K, 0% used [0x00000000d5e00000,0x00000000d5e00000,0x00000000d7e80000)
  from space 5120K, 10% used [0x00000000d7e80000,0x00000000d7f08130,0x00000000d8380000)
  to   space 5120K, 0% used [0x00000000d8380000,0x00000000d8380000,0x00000000d8880000)
 ParOldGen       total 87552K, used 8K [0x0000000081a00000, 0x0000000086f80000, 0x00000000d5e00000)
  object space 87552K, 0% used [0x0000000081a00000,0x0000000081a02000,0x0000000086f80000)
 Metaspace       used 2669K, capacity 4486K, committed 4864K, reserved 1056768K
  class space    used 296K, capacity 386K, committed 512K, reserved 1048576K
}
Event: 1.593 GC heap before
{Heap before GC invocations=2 (full 0):
 PSYoungGen      total 38400K, used 33824K [0x00000000d5e00000, 0x00000000d8880000, 0x0000000100000000)
  eden space 33280K, 100% used [0x00000000d5e00000,0x00000000d7e80000,0x00000000d7e80000)
  from space 5120K, 10% used [0x00000000d7e80000,0x00000000d7f08130,0x00000000d8380000)
  to   space 5120K, 0% used [0x00000000d8380000,0x00000000d8380000,0x00000000d8880000)
 ParOldGen       total 87552K, used 8K [0x0000000081a00000, 0x0000000086f80000, 0x00000000d5e00000)
  object space 87552K, 0% used [0x0000000081a00000,0x0000000081a02000,0x0000000086f80000)
 Metaspace       used 14904K, capacity 15154K, committed 15488K, reserved 1062912K
  class space    used 2090K, capacity 2171K, committed 2176K, reserved 1048576K
Event: 1.601 GC heap after
Heap after GC invocations=2 (full 0):
 PSYoungGen      total 38400K, used 5088K [0x00000000d5e00000, 0x00000000d8880000, 0x0000000100000000)
  eden space 33280K, 0% used [0x00000000d5e00000,0x00000000d5e00000,0x00000000d7e80000)
  from space 5120K, 99% used [0x00000000d8380000,0x00000000d8878110,0x00000000d8880000)
  to   space 5120K, 0% used [0x00000000d7e80000,0x00000000d7e80000,0x00000000d8380000)
 ParOldGen       total 87552K, used 1475K [0x0000000081a00000, 0x0000000086f80000, 0x00000000d5e00000)
  object space 87552K, 1% used [0x0000000081a00000,0x0000000081b70f80,0x0000000086f80000)
 Metaspace       used 14904K, capacity 15154K, committed 15488K, reserved 1062912K
  class space    used 2090K, capacity 2171K, committed 2176K, reserved 1048576K
}
Event: 2.292 GC heap before
{Heap before GC invocations=3 (full 0):
 PSYoungGen      total 38400K, used 32030K [0x00000000d5e00000, 0x00000000d8880000, 0x0000000100000000)
  eden space 33280K, 80% used [0x00000000d5e00000,0x00000000d784f870,0x00000000d7e80000)
  from space 5120K, 99% used [0x00000000d8380000,0x00000000d8878110,0x00000000d8880000)
  to   space 5120K, 0% used [0x00000000d7e80000,0x00000000d7e80000,0x00000000d8380000)
 ParOldGen       total 87552K, used 1475K [0x0000000081a00000, 0x0000000086f80000, 0x00000000d5e00000)
  object space 87552K, 1% used [0x0000000081a00000,0x0000000081b70f80,0x0000000086f80000)
 Metaspace       used 20819K, capacity 21060K, committed 21296K, reserved 1067008K
  class space    used 2844K, capacity 2924K, committed 2944K, reserved 1048576K
Event: 2.302 GC heap after
Heap after GC invocations=3 (full 0):
 PSYoungGen      total 38400K, used 5108K [0x00000000d5e00000, 0x00000000d8880000, 0x0000000100000000)
  eden space 33280K, 0% used [0x00000000d5e00000,0x00000000d5e00000,0x00000000d7e80000)
  from space 5120K, 99% used [0x00000000d7e80000,0x00000000d837d2b0,0x00000000d8380000)
  to   space 5120K, 0% used [0x00000000d8380000,0x00000000d8380000,0x00000000d8880000)
 ParOldGen       total 87552K, used 3938K [0x0000000081a00000, 0x0000000086f80000, 0x00000000d5e00000)
  object space 87552K, 4% used [0x0000000081a00000,0x0000000081dd8978,0x0000000086f80000)
 Metaspace       used 20819K, capacity 21060K, committed 21296K, reserved 1067008K
  class space    used 2844K, capacity 2924K, committed 2944K, reserved 1048576K
}
Event: 2.302 GC heap before
{Heap before GC invocations=4 (full 1):
 PSYoungGen      total 38400K, used 5108K [0x00000000d5e00000, 0x00000000d8880000, 0x0000000100000000)
  eden space 33280K, 0% used [0x00000000d5e00000,0x00000000d5e00000,0x00000000d7e80000)
  from space 5120K, 99% used [0x00000000d7e80000,0x00000000d837d2b0,0x00000000d8380000)
  to   space 5120K, 0% used [0x00000000d8380000,0x00000000d8380000,0x00000000d8880000)
 ParOldGen       total 87552K, used 3938K [0x0000000081a00000, 0x0000000086f80000, 0x00000000d5e00000)
  object space 87552K, 4% used [0x0000000081a00000,0x0000000081dd8978,0x0000000086f80000)
 Metaspace       used 20819K, capacity 21060K, committed 21296K, reserved 1067008K
  class space    used 2844K, capacity 2924K, committed 2944K, reserved 1048576K
Event: 2.332 GC heap after
Heap after GC invocations=4 (full 1):
 PSYoungGen      total 38400K, used 0K [0x00000000d5e00000, 0x00000000d8880000, 0x0000000100000000)
  eden space 33280K, 0% used [0x00000000d5e00000,0x00000000d5e00000,0x00000000d7e80000)
  from space 5120K, 0% used [0x00000000d7e80000,0x00000000d7e80000,0x00000000d8380000)
  to   space 5120K, 0% used [0x00000000d8380000,0x00000000d8380000,0x00000000d8880000)
 ParOldGen       total 63488K, used 7425K [0x0000000081a00000, 0x0000000085800000, 0x00000000d5e00000)
  object space 63488K, 11% used [0x0000000081a00000,0x00000000821406e0,0x0000000085800000)
 Metaspace       used 20819K, capacity 21060K, committed 21296K, reserved 1067008K
  class space    used 2844K, capacity 2924K, committed 2944K, reserved 1048576K
}
Event: 2.981 GC heap before
{Heap before GC invocations=5 (full 1):
 PSYoungGen      total 38400K, used 33280K [0x00000000d5e00000, 0x00000000d8880000, 0x0000000100000000)
  eden space 33280K, 100% used [0x00000000d5e00000,0x00000000d7e80000,0x00000000d7e80000)
  from space 5120K, 0% used [0x00000000d7e80000,0x00000000d7e80000,0x00000000d8380000)
  to   space 5120K, 0% used [0x00000000d8380000,0x00000000d8380000,0x00000000d8880000)
 ParOldGen       total 63488K, used 7425K [0x0000000081a00000, 0x0000000085800000, 0x00000000d5e00000)
  object space 63488K, 11% used [0x0000000081a00000,0x00000000821406e0,0x0000000085800000)
 Metaspace       used 26183K, capacity 26524K, committed 26880K, reserved 1073152K
  class space    used 3722K, capacity 3812K, committed 3840K, reserved 1048576K
Event: 2.986 GC heap after
Heap after GC invocations=5 (full 1):
 PSYoungGen      total 38400K, used 5115K [0x00000000d5e00000, 0x00000000d9580000, 0x0000000100000000)
  eden space 33280K, 0% used [0x00000000d5e00000,0x00000000d5e00000,0x00000000d7e80000)
  from space 5120K, 99% used [0x00000000d8380000,0x00000000d887ec70,0x00000000d8880000)
  to   space 5120K, 0% used [0x00000000d7e80000,0x00000000d7e80000,0x00000000d8380000)
 ParOldGen       total 63488K, used 8137K [0x0000000081a00000, 0x0000000085800000, 0x00000000d5e00000)
  object space 63488K, 12% used [0x0000000081a00000,0x00000000821f27b8,0x0000000085800000)
 Metaspace       used 26183K, capacity 26524K, committed 26880K, reserved 1073152K
  class space    used 3722K, capacity 3812K, committed 3840K, reserved 1048576K
}

